C:\Users\PCUISEK\Desktop\CanalDenuncias\CanalDenunciassmry.vbhtml
C:\Users\PCUISEK\Desktop\CanalDenuncias\App_Code\AspNetReportMaker6_project1_dll\CanalDenunciassmry.cs
C:\Users\PCUISEK\Desktop\CanalDenuncias\aspxrptinc\CanalDenunciaspager.vbhtml
C:\Users\PCUISEK\Desktop\CanalDenuncias\project1\{5E252714-15AD-4FF5-8F78-DA7E4D955D0D}.xml
C:\Users\PCUISEK\Desktop\CanalDenuncias\aspxrptcss\project1.css
C:\Users\PCUISEK\Desktop\CanalDenuncias\App_Code\AspNetReportMaker6_project1_dll\ewrcfg6.cs
C:\Users\PCUISEK\Desktop\CanalDenuncias\App_Code\AspNetReportMaker6_project1_dll\ewrglobal6.cs
C:\Users\PCUISEK\Desktop\CanalDenuncias\_header.vbhtml
C:\Users\PCUISEK\Desktop\CanalDenuncias\_footer.vbhtml
C:\Users\PCUISEK\Desktop\CanalDenuncias\_menu.vbhtml
C:\Users\PCUISEK\Desktop\CanalDenuncias\rmobilemenu.vbhtml
C:\Users\PCUISEK\Desktop\CanalDenuncias\App_Code\AspNetReportMaker6_project1_dll\ewrfn6.cs
C:\Users\PCUISEK\Desktop\CanalDenuncias\App_Code\AspNetReportMaker6_project1\ewrevent6.vb
C:\Users\PCUISEK\Desktop\CanalDenuncias\aspxrptjs\ewruserfn6.js
C:\Users\PCUISEK\Desktop\CanalDenuncias\ewrbv6.vbhtml
C:\Users\PCUISEK\Desktop\CanalDenuncias\App_Code\AspNetReportMaker6_project1_dll\ewrbv6.cs
C:\Users\PCUISEK\Desktop\CanalDenuncias\ewrajax6.vbhtml
C:\Users\PCUISEK\Desktop\CanalDenuncias\App_Code\AspNetReportMaker6_project1_dll\ewrajax6.cs
C:\Users\PCUISEK\Desktop\CanalDenuncias\ewremail6.vbhtml
C:\Users\PCUISEK\Desktop\CanalDenuncias\default.vbhtml
C:\Users\PCUISEK\Desktop\CanalDenuncias\App_Code\AspNetReportMaker6_project1_dll\default.cs
C:\Users\PCUISEK\Desktop\CanalDenuncias\web.config