C:\Users\PCUISEK\Desktop\NotasHistoricas\NotasHistoricassmry.aspx
C:\Users\PCUISEK\Desktop\NotasHistoricas\aspxrptcss\project1.css
C:\Users\PCUISEK\Desktop\NotasHistoricas\App_Code\ewrfn4.vb
C:\Users\PCUISEK\Desktop\NotasHistoricas\App_Code\ewrglobal4.vb
C:\Users\PCUISEK\Desktop\NotasHistoricas\App_Code\ewruserfn.vb
C:\Users\PCUISEK\Desktop\NotasHistoricas\ewrbv4.aspx
C:\Users\PCUISEK\Desktop\NotasHistoricas\App_Code\ewrcfg4.vb
C:\Users\PCUISEK\Desktop\NotasHistoricas\rmasterpage.master
C:\Users\PCUISEK\Desktop\NotasHistoricas\ewmenu.ascx
C:\Users\PCUISEK\Desktop\NotasHistoricas\default.aspx
C:\Users\PCUISEK\Desktop\NotasHistoricas\ewremail.ascx
C:\Users\PCUISEK\Desktop\NotasHistoricas\login.aspx
C:\Users\PCUISEK\Desktop\NotasHistoricas\logout.aspx
C:\Users\PCUISEK\Desktop\NotasHistoricas\web.config
C:\Users\PCUISEK\Desktop\NotasHistoricas2\NotasHistoricassmry.aspx
C:\Users\PCUISEK\Desktop\NotasHistoricas2\aspxrptcss\project1.css
C:\Users\PCUISEK\Desktop\NotasHistoricas2\App_Code\ewrfn4.vb
C:\Users\PCUISEK\Desktop\NotasHistoricas2\App_Code\ewrglobal4.vb
C:\Users\PCUISEK\Desktop\NotasHistoricas2\App_Code\ewruserfn.vb
C:\Users\PCUISEK\Desktop\NotasHistoricas2\ewrbv4.aspx
C:\Users\PCUISEK\Desktop\NotasHistoricas2\App_Code\ewrcfg4.vb
C:\Users\PCUISEK\Desktop\NotasHistoricas2\rmasterpage.master
C:\Users\PCUISEK\Desktop\NotasHistoricas2\ewmenu.ascx
C:\Users\PCUISEK\Desktop\NotasHistoricas2\default.aspx
C:\Users\PCUISEK\Desktop\NotasHistoricas2\ewremail.ascx
C:\Users\PCUISEK\Desktop\NotasHistoricas2\login.aspx
C:\Users\PCUISEK\Desktop\NotasHistoricas2\logout.aspx
C:\Users\PCUISEK\Desktop\NotasHistoricas2\web.config